  System.cpp
  C:\Program Files (x86)\Windows Kits\10\Include\10.0.22621.0\um\dinput.h: DIRECTINPUT_VERSION undefined. Defaulting to version 0x0800
C:\Visualisering og simulering\Folder\Folder\Core\System\System.cpp(44,56): warning C4267: 'argument': conversion from 'size_t' to 'GLsizei', possible loss of data
C:\Visualisering og simulering\Folder\Folder\Core\System\System.cpp(49,81): warning C4267: 'argument': conversion from 'size_t' to 'GLsizei', possible loss of data
C:\Visualisering og simulering\Folder\Folder\Core\System\System.cpp(64,68): warning C4267: 'argument': conversion from 'size_t' to 'GLsizei', possible loss of data
C:\Visualisering og simulering\Folder\Folder\Core\System\System.cpp(188,41): warning C4244: '=': conversion from 'int' to 'T', possible loss of data
          with
          [
              T=float
          ]
C:\Visualisering og simulering\Folder\Folder\Core\System\System.cpp(191,41): warning C4244: '=': conversion from 'int' to 'T', possible loss of data
          with
          [
              T=float
          ]
C:\Visualisering og simulering\Folder\Folder\Core\System\System.cpp(228,82): warning C4244: 'argument': conversion from '_Ty' to 'T', possible loss of data
          with
          [
              _Ty=int
          ]
          and
          [
              T=float
          ]
C:\Visualisering og simulering\Folder\Folder\Core\System\System.cpp(237,94): warning C4244: 'argument': conversion from '_Ty' to 'T', possible loss of data
          with
          [
              _Ty=int
          ]
          and
          [
              T=float
          ]
C:\Visualisering og simulering\Folder\Folder\Core\System\System.cpp(408,20): warning C4101: 'xy': unreferenced local variable
C:\Visualisering og simulering\Folder\Folder\Core\System\System.cpp(408,17): warning C4101: 'z': unreferenced local variable
C:\Visualisering og simulering\Folder\Folder\Core\System\System.cpp(408,14): warning C4101: 'y': unreferenced local variable
C:\Visualisering og simulering\Folder\Folder\Core\System\System.cpp(408,11): warning C4101: 'x': unreferenced local variable
C:\Visualisering og simulering\Folder\Folder\Core\System\System.cpp(592,35): warning C4101: 'temp': unreferenced local variable
C:\Visualisering og simulering\Folder\Folder\Core\System\System.cpp(592,41): warning C4101: 'terrainPos': unreferenced local variable
C:\Visualisering og simulering\Folder\Folder\Core\System\System.cpp(726,56): warning C4267: 'initializing': conversion from 'size_t' to 'int', possible loss of data
C:\Visualisering og simulering\Folder\Folder\Core\System\System.cpp(755,56): warning C4267: 'initializing': conversion from 'size_t' to 'int', possible loss of data
  Folder.vcxproj -> C:\Visualisering og simulering\Folder\x64\Debug\Folder.exe
